# JRE version: Java(TM) SE Runtime Environment (8.0_91-b15) (build 1.8.0_91-b15)
# Java VM: Java HotSpot(TM) 64-Bit Server VM (25.91-b15 mixed mode windows-amd64 compressed oops)
Heap:
 PSYoungGen      total 49664K, used 7293K [0x00000000d7000000, 0x00000000da280000, 0x0000000100000000)
  eden space 47616K, 15% used [0x00000000d7000000,0x00000000d76ff640,0x00000000d9e80000)
  from space 2048K, 6% used [0x00000000da080000,0x00000000da0a0000,0x00000000da280000)
  to   space 2048K, 0% used [0x00000000d9e80000,0x00000000d9e80000,0x00000000da080000)
 ParOldGen       total 84992K, used 35783K [0x0000000085000000, 0x000000008a300000, 0x00000000d7000000)
  object space 84992K, 42% used [0x0000000085000000,0x00000000872f1ca8,0x000000008a300000)
 Metaspace       used 9012K, capacity 9172K, committed 9344K, reserved 1056768K
  class space    used 1020K, capacity 1092K, committed 1152K, reserved 1048576K
GC Heap History (10 events):
Event: 10.498 GC heap before
{Heap before GC invocations=9 (full 0):
 PSYoungGen      total 30208K, used 28756K [0x00000000d7000000, 0x00000000d9280000, 0x0000000100000000)
  eden space 29696K, 96% used [0x00000000d7000000,0x00000000d8bf5260,0x00000000d8d00000)
  from space 512K, 25% used [0x00000000d9200000,0x00000000d9220000,0x00000000d9280000)
  to   space 2048K, 0% used [0x00000000d8e80000,0x00000000d8e80000,0x00000000d9080000)
 ParOldGen       total 84992K, used 1308K [0x0000000085000000, 0x000000008a300000, 0x00000000d7000000)
  object space 84992K, 1% used [0x0000000085000000,0x0000000085147060,0x000000008a300000)
 Metaspace       used 8988K, capacity 9172K, committed 9344K, reserved 1056768K
  class space    used 1020K, capacity 1092K, committed 1152K, reserved 1048576K
Event: 10.498 GC heap after
Heap after GC invocations=9 (full 0):
 PSYoungGen      total 31232K, used 160K [0x00000000d7000000, 0x00000000d9280000, 0x0000000100000000)
  eden space 29184K, 0% used [0x00000000d7000000,0x00000000d7000000,0x00000000d8c80000)
  from space 2048K, 7% used [0x00000000d8e80000,0x00000000d8ea8000,0x00000000d9080000)
  to   space 2048K, 0% used [0x00000000d9080000,0x00000000d9080000,0x00000000d9280000)
 ParOldGen       total 84992K, used 1332K [0x0000000085000000, 0x000000008a300000, 0x00000000d7000000)
  object space 84992K, 1% used [0x0000000085000000,0x000000008514d060,0x000000008a300000)
 Metaspace       used 8988K, capacity 9172K, committed 9344K, reserved 1056768K
  class space    used 1020K, capacity 1092K, committed 1152K, reserved 1048576K
}
Event: 10.825 GC heap before
{Heap before GC invocations=10 (full 0):
 PSYoungGen      total 31232K, used 27192K [0x00000000d7000000, 0x00000000d9280000, 0x0000000100000000)
  eden space 29184K, 92% used [0x00000000d7000000,0x00000000d8a66318,0x00000000d8c80000)
  from space 2048K, 7% used [0x00000000d8e80000,0x00000000d8ea8000,0x00000000d9080000)
  to   space 2048K, 0% used [0x00000000d9080000,0x00000000d9080000,0x00000000d9280000)
 ParOldGen       total 84992K, used 1332K [0x0000000085000000, 0x000000008a300000, 0x00000000d7000000)
  object space 84992K, 1% used [0x0000000085000000,0x000000008514d060,0x000000008a300000)
 Metaspace       used 8991K, capacity 9172K, committed 9344K, reserved 1056768K
  class space    used 1020K, capacity 1092K, committed 1152K, reserved 1048576K
Event: 10.826 GC heap after
Heap after GC invocations=10 (full 0):
 PSYoungGen      total 29184K, used 128K [0x00000000d7000000, 0x00000000d9100000, 0x0000000100000000)
  eden space 28672K, 0% used [0x00000000d7000000,0x00000000d7000000,0x00000000d8c00000)
  from space 512K, 25% used [0x00000000d9080000,0x00000000d90a0000,0x00000000d9100000)
  to   space 2048K, 0% used [0x00000000d8d00000,0x00000000d8d00000,0x00000000d8f00000)
 ParOldGen       total 84992K, used 1348K [0x0000000085000000, 0x000000008a300000, 0x00000000d7000000)
  object space 84992K, 1% used [0x0000000085000000,0x0000000085151060,0x000000008a300000)
 Metaspace       used 8991K, capacity 9172K, committed 9344K, reserved 1056768K
  class space    used 1020K, capacity 1092K, committed 1152K, reserved 1048576K
}
Event: 10.983 GC heap before
{Heap before GC invocations=11 (full 0):
 PSYoungGen      total 29184K, used 27986K [0x00000000d7000000, 0x00000000d9100000, 0x0000000100000000)
  eden space 28672K, 97% used [0x00000000d7000000,0x00000000d8b34a78,0x00000000d8c00000)
  from space 512K, 25% used [0x00000000d9080000,0x00000000d90a0000,0x00000000d9100000)
  to   space 2048K, 0% used [0x00000000d8d00000,0x00000000d8d00000,0x00000000d8f00000)
 ParOldGen       total 84992K, used 1348K [0x0000000085000000, 0x000000008a300000, 0x00000000d7000000)
  object space 84992K, 1% used [0x0000000085000000,0x0000000085151060,0x000000008a300000)
 Metaspace       used 9006K, capacity 9172K, committed 9344K, reserved 1056768K
  class space    used 1020K, capacity 1092K, committed 1152K, reserved 1048576K
Event: 10.986 GC heap after
Heap after GC invocations=11 (full 0):
 PSYoungGen      total 30208K, used 128K [0x00000000d7000000, 0x00000000d9100000, 0x0000000100000000)
  eden space 28160K, 0% used [0x00000000d7000000,0x00000000d7000000,0x00000000d8b80000)
  from space 2048K, 6% used [0x00000000d8d00000,0x00000000d8d20000,0x00000000d8f00000)
  to   space 2048K, 0% used [0x00000000d8f00000,0x00000000d8f00000,0x00000000d9100000)
 ParOldGen       total 84992K, used 9003K [0x0000000085000000, 0x000000008a300000, 0x00000000d7000000)
  object space 84992K, 10% used [0x0000000085000000,0x00000000858cad40,0x000000008a300000)
 Metaspace       used 9006K, capacity 9172K, committed 9344K, reserved 1056768K
  class space    used 1020K, capacity 1092K, committed 1152K, reserved 1048576K
}
Event: 11.092 GC heap before
{Heap before GC invocations=12 (full 0):
 PSYoungGen      total 30208K, used 27156K [0x00000000d7000000, 0x00000000d9100000, 0x0000000100000000)
  eden space 28160K, 95% used [0x00000000d7000000,0x00000000d8a653f8,0x00000000d8b80000)
  from space 2048K, 6% used [0x00000000d8d00000,0x00000000d8d20000,0x00000000d8f00000)
  to   space 2048K, 0% used [0x00000000d8f00000,0x00000000d8f00000,0x00000000d9100000)
 ParOldGen       total 84992K, used 9003K [0x0000000085000000, 0x000000008a300000, 0x00000000d7000000)
  object space 84992K, 10% used [0x0000000085000000,0x00000000858cad40,0x000000008a300000)
 Metaspace       used 9010K, capacity 9172K, committed 9344K, reserved 1056768K
  class space    used 1020K, capacity 1092K, committed 1152K, reserved 1048576K
Event: 11.095 GC heap after
Heap after GC invocations=12 (full 0):
 PSYoungGen      total 31744K, used 160K [0x00000000d7000000, 0x00000000da000000, 0x0000000100000000)
  eden space 29696K, 0% used [0x00000000d7000000,0x00000000d7000000,0x00000000d8d00000)
  from space 2048K, 7% used [0x00000000d8f00000,0x00000000d8f28000,0x00000000d9100000)
  to   space 2048K, 0% used [0x00000000d8d00000,0x00000000d8d00000,0x00000000d8f00000)
 ParOldGen       total 84992K, used 17619K [0x0000000085000000, 0x000000008a300000, 0x00000000d7000000)
  object space 84992K, 20% used [0x0000000085000000,0x0000000086134fa0,0x000000008a300000)
 Metaspace       used 9010K, capacity 9172K, committed 9344K, reserved 1056768K
  class space    used 1020K, capacity 1092K, committed 1152K, reserved 1048576K
}
Event: 11.225 GC heap before
{Heap before GC invocations=13 (full 0):
 PSYoungGen      total 31744K, used 27976K [0x00000000d7000000, 0x00000000da000000, 0x0000000100000000)
  eden space 29696K, 93% used [0x00000000d7000000,0x00000000d8b2a288,0x00000000d8d00000)
  from space 2048K, 7% used [0x00000000d8f00000,0x00000000d8f28000,0x00000000d9100000)
  to   space 2048K, 0% used [0x00000000d8d00000,0x00000000d8d00000,0x00000000d8f00000)
 ParOldGen       total 84992K, used 17619K [0x0000000085000000, 0x000000008a300000, 0x00000000d7000000)
  object space 84992K, 20% used [0x0000000085000000,0x0000000086134fa0,0x000000008a300000)
 Metaspace       used 9011K, capacity 9172K, committed 9344K, reserved 1056768K
  class space    used 1020K, capacity 1092K, committed 1152K, reserved 1048576K
Event: 11.228 GC heap after
Heap after GC invocations=13 (full 0):
 PSYoungGen      total 31744K, used 128K [0x00000000d7000000, 0x00000000da280000, 0x0000000100000000)
  eden space 29696K, 0% used [0x00000000d7000000,0x00000000d7000000,0x00000000d8d00000)
  from space 2048K, 6% used [0x00000000d8d00000,0x00000000d8d20000,0x00000000d8f00000)
  to   space 2048K, 0% used [0x00000000da080000,0x00000000da080000,0x00000000da280000)
 ParOldGen       total 84992K, used 26601K [0x0000000085000000, 0x000000008a300000, 0x00000000d7000000)
  object space 84992K, 31% used [0x0000000085000000,0x00000000869fa710,0x000000008a300000)
 Metaspace       used 9011K, capacity 9172K, committed 9344K, reserved 1056768K
  class space    used 1020K, capacity 1092K, committed 1152K, reserved 1048576K
}

